[debug] [2025-04-20T00:29:05.605Z] ----------------------------------------------------------------------
[debug] [2025-04-20T00:29:05.613Z] Command:       C:\Program Files\nodejs\node.exe C:\Users\Hp\AppData\Roaming\npm\node_modules\firebase-tools\lib\bin\firebase.js init
[debug] [2025-04-20T00:29:05.614Z] CLI Version:   14.2.0
[debug] [2025-04-20T00:29:05.614Z] Platform:      win32
[debug] [2025-04-20T00:29:05.615Z] Node Version:  v22.14.0
[debug] [2025-04-20T00:29:05.615Z] Time:          Sun Apr 20 2025 03:29:05 GMT+0300 (GMT+03:00)
[debug] [2025-04-20T00:29:05.616Z] ----------------------------------------------------------------------
[debug] 
[debug] [2025-04-20T00:29:05.632Z] > command requires scopes: ["email","openid","https://www.googleapis.com/auth/cloudplatformprojects.readonly","https://www.googleapis.com/auth/firebase","https://www.googleapis.com/auth/cloud-platform"]
[debug] [2025-04-20T00:29:05.633Z] > authorizing via signed-in user (akgnmutlu@gmail.com)
[info] 
     ######## #### ########  ######## ########     ###     ######  ########
     ##        ##  ##     ## ##       ##     ##  ##   ##  ##       ##
     ######    ##  ########  ######   ########  #########  ######  ######
     ##        ##  ##    ##  ##       ##     ## ##     ##       ## ##
     ##       #### ##     ## ######## ########  ##     ##  ######  ########

You're about to initialize a Firebase project in this directory:

  C:\Users\Hp\GITHUB\blog-post-hb

[info] 
=== Project Setup
[info] 
[info] First, let's associate this project directory with a Firebase project.
[info] You can create multiple project aliases by running firebase use --add, 
[info] but for now we'll just set up a default project.
[info] 
[debug] [2025-04-20T00:43:04.587Z] Checked if tokens are valid: false, expires at: 1745019487855
[debug] [2025-04-20T00:43:04.588Z] Checked if tokens are valid: false, expires at: 1745019487855
[debug] [2025-04-20T00:43:04.589Z] > refreshing access token with scopes: []
[debug] [2025-04-20T00:43:04.600Z] >>> [apiv2][query] POST https://www.googleapis.com/oauth2/v3/token [none]
[debug] [2025-04-20T00:43:04.600Z] >>> [apiv2][body] POST https://www.googleapis.com/oauth2/v3/token [omitted]
[debug] [2025-04-20T00:43:04.997Z] <<< [apiv2][status] POST https://www.googleapis.com/oauth2/v3/token 200
[debug] [2025-04-20T00:43:04.997Z] <<< [apiv2][body] POST https://www.googleapis.com/oauth2/v3/token [omitted]
[debug] [2025-04-20T00:43:05.014Z] >>> [apiv2][query] GET https://firebase.googleapis.com/v1beta1/projects pageSize=100
[debug] [2025-04-20T00:43:05.484Z] <<< [apiv2][status] GET https://firebase.googleapis.com/v1beta1/projects 200
[debug] [2025-04-20T00:43:05.485Z] <<< [apiv2][body] GET https://firebase.googleapis.com/v1beta1/projects [omitted]
